<?xml version="1.0" encoding="UTF-8"?>
<!-- Generated by org.testng.reporters.JUnitReportReporter -->
<testsuite hostname="pavans-Air" failures="0" tests="4" name="com.busyqa.tests.EcommTest" time="5.843" errors="0" timestamp="2023-08-30T14:58:31 EDT" skipped="3">
  <testcase classname="com.busyqa.tests.EcommTest" name="titleTest" time="5.843"/>
  <system-out/>
  <testcase classname="com.busyqa.tests.EcommTest" name="registrtationTest_bkp">
    <skipped/>
  </testcase> <!-- registrtationTest_bkp -->
  <system-out/>
  <testcase classname="com.busyqa.tests.EcommTest" name="loginTest">
    <skipped/>
  </testcase> <!-- loginTest -->
  <system-out/>
  <testcase classname="com.busyqa.tests.EcommTest" name="registrtationTest">
    <skipped/>
  </testcase> <!-- registrtationTest -->
  <system-out/>
</testsuite> <!-- com.busyqa.tests.EcommTest -->
